c:\users\xialiag\desktop\b\bilibiliaudiodownloader-cpp-main\x64\release\concrt140.dll
c:\users\xialiag\desktop\b\bilibiliaudiodownloader-cpp-main\x64\release\msvcp140.dll
c:\users\xialiag\desktop\b\bilibiliaudiodownloader-cpp-main\x64\release\msvcp140_1.dll
c:\users\xialiag\desktop\b\bilibiliaudiodownloader-cpp-main\x64\release\msvcp140_2.dll
c:\users\xialiag\desktop\b\bilibiliaudiodownloader-cpp-main\x64\release\msvcp140_atomic_wait.dll
c:\users\xialiag\desktop\b\bilibiliaudiodownloader-cpp-main\x64\release\msvcp140_codecvt_ids.dll
c:\users\xialiag\desktop\b\bilibiliaudiodownloader-cpp-main\x64\release\vccorlib140.dll
c:\users\xialiag\desktop\b\bilibiliaudiodownloader-cpp-main\x64\release\vcruntime140.dll
c:\users\xialiag\desktop\b\bilibiliaudiodownloader-cpp-main\x64\release\vcruntime140_1.dll
c:\users\xialiag\desktop\b\bilibiliaudiodownloader-cpp-main\x64\release\vcamp140.dll
c:\users\xialiag\desktop\b\bilibiliaudiodownloader-cpp-main\x64\release\mfc140chs.dll
c:\users\xialiag\desktop\b\bilibiliaudiodownloader-cpp-main\x64\release\mfc140cht.dll
c:\users\xialiag\desktop\b\bilibiliaudiodownloader-cpp-main\x64\release\mfc140deu.dll
c:\users\xialiag\desktop\b\bilibiliaudiodownloader-cpp-main\x64\release\mfc140enu.dll
c:\users\xialiag\desktop\b\bilibiliaudiodownloader-cpp-main\x64\release\mfc140esn.dll
c:\users\xialiag\desktop\b\bilibiliaudiodownloader-cpp-main\x64\release\mfc140fra.dll
c:\users\xialiag\desktop\b\bilibiliaudiodownloader-cpp-main\x64\release\mfc140ita.dll
c:\users\xialiag\desktop\b\bilibiliaudiodownloader-cpp-main\x64\release\mfc140jpn.dll
c:\users\xialiag\desktop\b\bilibiliaudiodownloader-cpp-main\x64\release\mfc140kor.dll
c:\users\xialiag\desktop\b\bilibiliaudiodownloader-cpp-main\x64\release\mfc140rus.dll
c:\users\xialiag\desktop\b\bilibiliaudiodownloader-cpp-main\x64\release\mfc140.dll
c:\users\xialiag\desktop\b\bilibiliaudiodownloader-cpp-main\x64\release\mfc140u.dll
c:\users\xialiag\desktop\b\bilibiliaudiodownloader-cpp-main\x64\release\mfcm140.dll
c:\users\xialiag\desktop\b\bilibiliaudiodownloader-cpp-main\x64\release\mfcm140u.dll
c:\users\xialiag\desktop\b\bilibiliaudiodownloader-cpp-main\x64\release\vcomp140.dll
c:\users\xialiag\desktop\b\bilibiliaudiodownloader-cpp-main\bilibiliaudiodownloader\x64\release\vc143.pdb
c:\users\xialiag\desktop\b\bilibiliaudiodownloader-cpp-main\bilibiliaudiodownloader\x64\release\bilibili.fa88486d.tlog\cl.command.1.tlog
c:\users\xialiag\desktop\b\bilibiliaudiodownloader-cpp-main\bilibiliaudiodownloader\x64\release\bilibili.fa88486d.tlog\copylocal.read.1u.tlog
c:\users\xialiag\desktop\b\bilibiliaudiodownloader-cpp-main\bilibiliaudiodownloader\x64\release\bilibili.fa88486d.tlog\copylocal.write.1u.tlog
